<?xml version="1.0" encoding="UTF-8"?>
<!-- Generated by org.testng.reporters.JUnitXMLReporter -->
<testsuite ignored="0" hostname="LAPTOP-ANSDQM6E" failures="0" tests="3" name="Default test" time="22.171" errors="0" timestamp="30 Oct 2020 14:49:15 GMT">
  <testcase classname="com.selenium.logintc.LoginDataProvider" name="f" time="4.575"/>
  <testcase classname="com.selenium.logintc.LoginDataProvider" name="f" time="4.411"/>
  <testcase classname="com.selenium.logintc.LoginDataProvider" name="f" time="4.376"/>
</testsuite> <!-- Default test -->
