<?xml version="1.0" encoding="UTF-8"?>
<!-- Generated by org.testng.reporters.JUnitXMLReporter -->
<testsuite ignored="0" hostname="LAPTOP-ANSDQM6E" failures="2" tests="2" name="TestSoftAssert" time="8.948" errors="0" timestamp="29 Oct 2020 14:04:23 GMT">
  <testcase classname="com.selenium.testcases.selenium_test.LoginTestngSoftAssert" name="loginAdmin" time="2.077">
    <failure type="java.lang.AssertionError" message="The following asserts failed:
	expected [Altoro Login] but found [Altoro Mutual]">
      <![CDATA[java.lang.AssertionError: The following asserts failed:
expected [Altoro Login] but found [Altoro Mutual]
at com.selenium.testcases.selenium_test.LoginTestngSoftAssert.loginAdmin(LoginTestngSoftAssert.java:43)
... Removed 26 stack frames]]>
    </failure>
  </testcase> <!-- loginAdmin -->
  <testcase classname="com.selenium.testcases.selenium_test.LoginTestngSoftAssert" name="logoutAdmin" time="0.803">
    <failure type="java.lang.AssertionError" message="The following asserts failed:
	expected [Altoro Home Page] but found [Altoro Mutual]">
      <![CDATA[java.lang.AssertionError: The following asserts failed:
expected [Altoro Home Page] but found [Altoro Mutual]
at com.selenium.testcases.selenium_test.LoginTestngSoftAssert.logoutAdmin(LoginTestngSoftAssert.java:65)
... Removed 26 stack frames]]>
    </failure>
  </testcase> <!-- logoutAdmin -->
</testsuite> <!-- TestSoftAssert -->
