<?xml version="1.0" encoding="UTF-8"?>
<!-- Generated by org.testng.reporters.JUnitXMLReporter -->
<testsuite ignored="0" hostname="LAPTOP-ANSDQM6E" failures="0" tests="2" name="TestHardAssert" time="8.655" errors="0" timestamp="29 Oct 2020 14:04:32 GMT">
  <testcase classname="com.selenium.testcases.selenium_test.LoginTestngHardAssert" name="loginAdmin" time="3.359"/>
  <testcase classname="com.selenium.testcases.selenium_test.LoginTestngHardAssert" name="logoutAdmin" time="1.093"/>
</testsuite> <!-- TestHardAssert -->
