<?xml version="1.0" encoding="UTF-8"?>
<!-- Generated by org.testng.reporters.JUnitXMLReporter -->
<testsuite ignored="0" hostname="LAPTOP-ANSDQM6E" failures="0" tests="5" name=" Test1 " time="69.297" errors="0" timestamp="29 Oct 2020 13:53:28 GMT">
  <testcase classname="com.selenium.testcases.selenium_test.LoginTestng" name="loginAdmin" time="12.583"/>
  <testcase classname="com.selenium.testcases.selenium_test.LoginTestng" name="loginTestUser" time="12.312"/>
  <testcase classname="com.selenium.testcases.selenium_test.LoginTestng" name="loginTestUser" time="4.682"/>
  <testcase classname="com.selenium.testcases.selenium_test.LoginTestng" name="loginTestUser" time="2.819"/>
  <testcase classname="com.selenium.testcases.selenium_test.LoginTestng" name="userLogin" time="23.022"/>
</testsuite> <!--  Test1  -->
