<?xml version="1.0" encoding="UTF-8"?>
<!-- Generated by org.testng.reporters.JUnitXMLReporter -->
<testsuite ignored="0" hostname="LAPTOP-ANSDQM6E" failures="0" tests="5" name="Test1" time="57.029" errors="0" timestamp="23 Oct 2020 15:12:25 GMT">
  <testcase classname="com.selenium.testcases.selenium_test.LoginTestng" name="loginAdmin" time="7.687"/>
  <testcase classname="com.selenium.testcases.selenium_test.LoginTestng" name="loginTestUser" time="11.97"/>
  <testcase classname="com.selenium.testcases.selenium_test.LoginTestng" name="loginTestUser" time="4.288"/>
  <testcase classname="com.selenium.testcases.selenium_test.LoginTestng" name="loginTestUser" time="3.206"/>
  <testcase classname="com.selenium.testcases.selenium_test.LoginTestng" name="userLogin" time="17.947"/>
</testsuite> <!-- Test1 -->
