<?xml version="1.0" encoding="UTF-8"?>
<!-- Generated by org.testng.reporters.JUnitXMLReporter -->
<testsuite ignored="0" hostname="LAPTOP-ANSDQM6E" failures="0" tests="5" name=" Test1 " time="31.905" errors="0" timestamp="04 Nov 2020 14:10:09 GMT">
  <testcase classname="com.selenium.testcases.selenium_test.LoginTestng" name="loginAdmin" time="3.643"/>
  <testcase classname="com.selenium.testcases.selenium_test.LoginTestng" name="loginTestUser" time="2.19"/>
  <testcase classname="com.selenium.testcases.selenium_test.LoginTestng" name="loginTestUser" time="1.94"/>
  <testcase classname="com.selenium.testcases.selenium_test.LoginTestng" name="loginTestUser" time="1.723"/>
  <testcase classname="com.selenium.testcases.selenium_test.LoginTestng" name="userLogin" time="15.872"/>
</testsuite> <!--  Test1  -->
