<?xml version="1.0" encoding="UTF-8"?>
<testsuite xmlns:xsi="http://www.w3.org/2001/XMLSchema-instance" xsi:noNamespaceSchemaLocation="https://maven.apache.org/surefire/maven-surefire-plugin/xsd/surefire-test-report-3.0.xsd" version="3.0" name="TestSuite" time="56.118" tests="9" errors="0" skipped="0" failures="2">
  <properties>
[...]
</properties>
  <testcase name="loginAdmin" classname="com.selenium.testcases.selenium_test.LoginTestng" time="3.623">
    <system-out><![CDATA[[TestNGContentHandler] [WARN] It is strongly recommended to add "<!DOCTYPE suite SYSTEM "http://testng.org/testng-1.0.dtd" >" at the top of your file, otherwise TestNG may fail or not work as expected.
]]></system-out>
    <system-err><![CDATA[Starting ChromeDriver 86.0.4240.22 (398b0743353ff36fb1b82468f63a3a93b4e2e89e-refs/branch-heads/4240@{#378}) on port 15360
Only local connections are allowed.
Please see https://chromedriver.chromium.org/security-considerations for suggestions on keeping ChromeDriver safe.
ChromeDriver was started successfully.
Nov 04, 2020 9:09:42 AM org.openqa.selenium.remote.ProtocolHandshake createSession
INFO: Detected dialect: W3C
]]></system-err>
  </testcase>
  <testcase name="loginTestUser" classname="com.selenium.testcases.selenium_test.LoginTestng" time="2.184"/>
  <testcase name="loginTestUser" classname="com.selenium.testcases.selenium_test.LoginTestng" time="1.939"/>
  <testcase name="loginTestUser" classname="com.selenium.testcases.selenium_test.LoginTestng" time="1.727"/>
  <testcase name="userLogin" classname="com.selenium.testcases.selenium_test.LoginTestng" time="15.87">
    <system-out><![CDATA[Login into Kroger
]]></system-out>
  </testcase>
  <testcase name="chrome" classname="com.selenium.testcases.selenium_test.BrowserCode" time="5.778">
    <system-err><![CDATA[Starting ChromeDriver 86.0.4240.22 (398b0743353ff36fb1b82468f63a3a93b4e2e89e-refs/branch-heads/4240@{#378}) on port 26666
Only local connections are allowed.
Please see https://chromedriver.chromium.org/security-considerations for suggestions on keeping ChromeDriver safe.
ChromeDriver was started successfully.
Nov 04, 2020 9:10:13 AM org.openqa.selenium.remote.ProtocolHandshake createSession
INFO: Detected dialect: W3C
]]></system-err>
  </testcase>
  <testcase name="firefox" classname="com.selenium.testcases.selenium_test.BrowserCode" time="0.039">
    <failure message="Cannot find firefox binary in PATH. Make sure firefox is installed. OS appears to be: WIN10&#10;Build info: version: &apos;3.141.59&apos;, revision: &apos;e82be7d358&apos;, time: &apos;2018-11-14T08:17:03&apos;&#10;System info: host: &apos;LAPTOP-ANSDQM6E&apos;, ip: &apos;192.168.0.17&apos;, os.name: &apos;Windows 10&apos;, os.arch: &apos;amd64&apos;, os.version: &apos;10.0&apos;, java.version: &apos;14.0.2&apos;&#10;Driver info: driver.version: FirefoxDriver" type="org.openqa.selenium.WebDriverException"><![CDATA[org.openqa.selenium.WebDriverException: 
Cannot find firefox binary in PATH. Make sure firefox is installed. OS appears to be: WIN10
Build info: version: '3.141.59', revision: 'e82be7d358', time: '2018-11-14T08:17:03'
System info: host: 'LAPTOP-ANSDQM6E', ip: '192.168.0.17', os.name: 'Windows 10', os.arch: 'amd64', os.version: '10.0', java.version: '14.0.2'
Driver info: driver.version: FirefoxDriver
	at com.selenium.testcases.selenium_test.BrowserCode.firefox(BrowserCode.java:30)
]]></failure>
  </testcase>
  <testcase name="Edge" classname="com.selenium.testcases.selenium_test.BrowserCode" time="0.016">
    <failure message="The driver executable does not exist: C:\Users\akanksha singh\Desktop\Selenium Practice\selenium-test\Driver\msedgedriver.exe" type="java.lang.IllegalStateException"><![CDATA[java.lang.IllegalStateException: The driver executable does not exist: C:\Users\akanksha singh\Desktop\Selenium Practice\selenium-test\Driver\msedgedriver.exe
	at com.selenium.testcases.selenium_test.BrowserCode.Edge(BrowserCode.java:41)
]]></failure>
  </testcase>
  <testcase name="loginAdmin" classname="com.selenium.webobject.HandleFrame" time="6.877">
    <system-err><![CDATA[Starting ChromeDriver 86.0.4240.22 (398b0743353ff36fb1b82468f63a3a93b4e2e89e-refs/branch-heads/4240@{#378}) on port 2926
Only local connections are allowed.
Please see https://chromedriver.chromium.org/security-considerations for suggestions on keeping ChromeDriver safe.
ChromeDriver was started successfully.
Nov 04, 2020 9:10:19 AM org.openqa.selenium.remote.ProtocolHandshake createSession
INFO: Detected dialect: W3C
]]></system-err>
  </testcase>
</testsuite>