<?xml version="1.0" encoding="UTF-8"?>
<testng-results ignored="0" total="3" passed="3" failed="0" skipped="0">
  <reporter-output>
  </reporter-output>
  <suite started-at="2020-10-30T14:48:53Z" name="Default suite" finished-at="2020-10-30T14:49:15Z" duration-ms="22171">
    <groups>
    </groups>
    <test started-at="2020-10-30T14:48:53Z" name="Default test" finished-at="2020-10-30T14:49:15Z" duration-ms="22171">
      <class name="com.selenium.logintc.LoginDataProvider">
        <test-method is-config="true" signature="beforeTest()[pri:0, instance:com.selenium.logintc.LoginDataProvider@14d3bc22]" started-at="2020-10-30T14:48:53Z" name="beforeTest" finished-at="2020-10-30T14:49:00Z" duration-ms="7023" status="PASS">
          <reporter-output>
          </reporter-output>
        </test-method> <!-- beforeTest -->
        <test-method signature="f(java.lang.String, java.lang.String)[pri:0, instance:com.selenium.logintc.LoginDataProvider@14d3bc22]" started-at="2020-10-30T14:49:00Z" name="f" data-provider="dp" finished-at="2020-10-30T14:49:05Z" duration-ms="4575" status="PASS">
          <params>
            <param index="0">
              <value>
                <![CDATA[admin]]>
              </value>
            </param>
            <param index="1">
              <value>
                <![CDATA[admin]]>
              </value>
            </param>
          </params>
          <reporter-output>
          </reporter-output>
        </test-method> <!-- f -->
        <test-method signature="f(java.lang.String, java.lang.String)[pri:0, instance:com.selenium.logintc.LoginDataProvider@14d3bc22]" started-at="2020-10-30T14:49:05Z" name="f" data-provider="dp" finished-at="2020-10-30T14:49:09Z" duration-ms="4411" status="PASS">
          <params>
            <param index="0">
              <value>
                <![CDATA[sspeed]]>
              </value>
            </param>
            <param index="1">
              <value>
                <![CDATA[Demo1234]]>
              </value>
            </param>
          </params>
          <reporter-output>
          </reporter-output>
        </test-method> <!-- f -->
        <test-method signature="f(java.lang.String, java.lang.String)[pri:0, instance:com.selenium.logintc.LoginDataProvider@14d3bc22]" started-at="2020-10-30T14:49:09Z" name="f" data-provider="dp" finished-at="2020-10-30T14:49:13Z" duration-ms="4376" status="PASS">
          <params>
            <param index="0">
              <value>
                <![CDATA[tuser]]>
              </value>
            </param>
            <param index="1">
              <value>
                <![CDATA[tuser]]>
              </value>
            </param>
          </params>
          <reporter-output>
          </reporter-output>
        </test-method> <!-- f -->
        <test-method is-config="true" signature="afterTest()[pri:0, instance:com.selenium.logintc.LoginDataProvider@14d3bc22]" started-at="2020-10-30T14:49:13Z" name="afterTest" finished-at="2020-10-30T14:49:15Z" duration-ms="1691" status="PASS">
          <reporter-output>
          </reporter-output>
        </test-method> <!-- afterTest -->
      </class> <!-- com.selenium.logintc.LoginDataProvider -->
    </test> <!-- Default test -->
  </suite> <!-- Default suite -->
</testng-results>
